TN:
SF:deployments/genesis/GenesisPrecompiler.sol
DA:46,0
FN:46,GenesisPrecompiler.saveWrittenSlots
FNDA:0,GenesisPrecompiler.saveWrittenSlots
DA:47,0
DA:48,0
BRDA:48,0,0,-
BRDA:48,0,1,-
DA:51,0
DA:53,0
DA:54,0
DA:55,0
DA:58,0
BRDA:58,1,0,-
DA:60,0
BRDA:60,2,0,-
DA:62,0
DA:63,0
DA:65,0
DA:66,0
BRDA:66,3,0,-
DA:67,0
DA:68,0
DA:73,0
BRDA:73,4,0,-
DA:74,0
DA:80,0
DA:87,0
FN:87,GenesisPrecompiler.yamlAppendGenesisAccount
FNDA:0,GenesisPrecompiler.yamlAppendGenesisAccount
DA:88,0
BRDA:88,5,0,-
BRDA:88,5,1,-
DA:89,0
DA:90,0
BRDA:90,6,0,-
BRDA:90,6,1,-
DA:91,0
DA:92,0
DA:93,0
DA:94,0
BRDA:94,7,0,-
BRDA:94,7,1,-
DA:98,0
DA:99,0
DA:105,0
DA:106,0
DA:107,0
DA:110,0
DA:111,0
BRDA:111,8,0,-
DA:113,0
DA:114,0
DA:115,0
DA:116,0
DA:118,0
DA:121,0
DA:122,0
DA:123,0
DA:126,0
DA:131,0
FN:131,GenesisPrecompiler.copyContractState
FNDA:0,GenesisPrecompiler.copyContractState
DA:132,0
DA:134,0
DA:135,0
DA:136,0
DA:137,0
FNF:3
FNH:0
LF:48
LH:0
BRF:13
BRH:0
end_of_record
TN:
SF:src/CI/GitAttestationRegistry.sol
DA:25,0
FN:25,GitAttestationRegistry.constructor
FNDA:0,GitAttestationRegistry.constructor
DA:26,0
BRDA:26,0,0,-
BRDA:26,0,1,-
DA:28,0
DA:29,0
DA:30,0
DA:33,0
DA:34,0
DA:35,0
DA:39,0
FN:39,GitAttestationRegistry.attestGitCommitHash
FNDA:0,GitAttestationRegistry.attestGitCommitHash
DA:40,0
DA:41,0
DA:43,0
DA:46,0
FN:46,GitAttestationRegistry.gitCommitHashAttested
FNDA:0,GitAttestationRegistry.gitCommitHashAttested
DA:47,0
DA:48,0
BRDA:48,1,0,-
DA:49,0
DA:52,0
DA:55,0
FN:55,GitAttestationRegistry.setBufferSize
FNDA:0,GitAttestationRegistry.setBufferSize
DA:56,0
BRDA:56,2,0,-
BRDA:56,2,1,-
DA:58,0
DA:59,0
DA:61,0
DA:63,0
DA:64,0
DA:69,0
DA:70,0
DA:73,0
DA:74,0
DA:76,0
FNF:4
FNH:0
LF:29
LH:0
BRF:5
BRH:0
end_of_record
TN:
SF:src/consensus/BlsG1.sol
DA:101,0
FN:101,BlsG1.encodeG1PointForEIP2537
FNDA:0,BlsG1.encodeG1PointForEIP2537
DA:102,0
BRDA:102,0,0,-
DA:103,0
DA:107,0
DA:108,0
BRDA:108,1,0,-
DA:111,0
DA:112,0
DA:114,0
DA:120,0
FN:120,BlsG1.decodeG1PointFromEIP2537
FNDA:0,BlsG1.decodeG1PointFromEIP2537
DA:121,0
BRDA:121,2,0,-
DA:122,0
DA:125,0
DA:128,0
DA:130,0
DA:132,0
DA:141,0
FN:141,BlsG1.encodeG2PointForEIP2537
FNDA:0,BlsG1.encodeG2PointForEIP2537
DA:142,0
BRDA:142,3,0,-
DA:143,0
DA:147,0
DA:148,0
BRDA:148,4,0,-
DA:152,0
DA:154,0
DA:156,0
DA:158,0
DA:160,0
DA:165,0
FN:165,BlsG1.decodeG2PointFromEIP2537
FNDA:0,BlsG1.decodeG2PointFromEIP2537
DA:166,0
BRDA:166,5,0,-
DA:167,0
DA:170,0
DA:173,0
DA:176,0
DA:179,0
DA:182,0
DA:184,0
DA:189,0
FN:189,BlsG1.validatePointG1
FNDA:0,BlsG1.validatePointG1
DA:190,0
BRDA:190,6,0,-
DA:191,0
DA:193,0
DA:198,0
FN:198,BlsG1.validatePointG2
FNDA:0,BlsG1.validatePointG2
DA:199,0
BRDA:199,7,0,-
DA:200,0
DA:202,0
DA:207,0
FN:207,BlsG1.isInfinityPointG1
FNDA:0,BlsG1.isInfinityPointG1
DA:208,0
DA:213,0
FN:213,BlsG1.isUncompressedInfinityPointG1
FNDA:0,BlsG1.isUncompressedInfinityPointG1
DA:214,0
DA:219,0
FN:219,BlsG1.isInfinityPointG2
FNDA:0,BlsG1.isInfinityPointG2
DA:220,0
DA:225,0
FN:225,BlsG1.isUncompressedInfinityPointG2
FNDA:0,BlsG1.isUncompressedInfinityPointG2
DA:226,0
DA:230,0
FN:230,BlsG1.bytesEq
FNDA:0,BlsG1.bytesEq
DA:231,0
DA:249,0
FN:249,BlsG1.verifyProofOfPossessionG1
FNDA:0,BlsG1.verifyProofOfPossessionG1
DA:260,0
BRDA:260,8,0,-
DA:261,0
BRDA:261,9,0,-
DA:264,0
DA:266,0
DA:268,0
DA:269,0
BRDA:269,10,0,-
DA:272,0
DA:278,0
FN:278,BlsG1.hashToG1
FNDA:0,BlsG1.hashToG1
DA:280,0
DA:282,0
DA:283,0
DA:286,0
DA:292,0
FN:292,BlsG1.mapFieldElementToG1
FNDA:0,BlsG1.mapFieldElementToG1
DA:293,0
DA:294,0
BRDA:294,11,0,-
DA:296,0
DA:301,0
FN:301,BlsG1.addG1
FNDA:0,BlsG1.addG1
DA:302,0
DA:303,0
BRDA:303,12,0,-
DA:305,0
DA:310,0
FN:310,BlsG1.addG2
FNDA:0,BlsG1.addG2
DA:311,0
DA:312,0
BRDA:312,13,0,-
DA:314,0
DA:319,0
FN:319,BlsG1.scalarMulG1
FNDA:0,BlsG1.scalarMulG1
DA:320,0
DA:321,0
DA:322,0
BRDA:322,14,0,-
DA:324,0
DA:329,0
FN:329,BlsG1.scalarMulG2
FNDA:0,BlsG1.scalarMulG2
DA:330,0
DA:331,0
DA:332,0
BRDA:332,15,0,-
DA:334,0
DA:344,0
FN:344,BlsG1.hashToField
FNDA:0,BlsG1.hashToField
DA:345,0
DA:347,0
BRDA:347,16,0,-
DA:349,0
DA:351,0
DA:352,0
DA:353,0
DA:356,0
DA:365,0
FN:365,BlsG1.expandMessageXmd
FNDA:0,BlsG1.expandMessageXmd
DA:375,0
DA:378,0
BRDA:378,17,0,-
DA:379,0
BRDA:379,18,0,-
DA:380,0
BRDA:380,19,0,-
DA:382,0
DA:383,0
DA:386,0
DA:387,0
DA:391,0
DA:392,0
DA:395,0
DA:398,0
DA:403,0
DA:406,0
DA:407,0
DA:409,0
DA:411,0
DA:412,0
DA:414,0
DA:417,0
DA:418,0
DA:421,0
DA:427,0
DA:436,0
FN:436,BlsG1.I2OSP
FNDA:0,BlsG1.I2OSP
DA:438,0
BRDA:438,20,0,-
DA:439,0
DA:442,0
DA:443,0
DA:445,0
DA:448,0
DA:455,0
FN:455,BlsG1.processFieldElement
FNDA:0,BlsG1.processFieldElement
DA:457,0
DA:459,0
DA:461,0
DA:463,0
DA:464,0
DA:466,0
DA:474,0
FN:474,BlsG1.extractBytes
FNDA:0,BlsG1.extractBytes
DA:475,0
BRDA:475,21,0,-
DA:477,0
DA:478,0
DA:479,0
DA:482,0
DA:491,0
FN:491,BlsG1.fieldElementToEIP2537Bytes
FNDA:0,BlsG1.fieldElementToEIP2537Bytes
DA:500,0
BRDA:500,22,0,-
DA:501,0
BRDA:501,23,0,-
DA:503,0
DA:504,0
DA:513,0
FN:513,BlsG1.eip2537BytesToFieldElement
FNDA:0,BlsG1.eip2537BytesToFieldElement
DA:522,0
BRDA:522,24,0,-
DA:523,0
DA:527,0
DA:528,0
BRDA:528,25,0,-
DA:532,0
DA:533,0
FNF:25
FNH:0
LF:151
LH:0
BRF:26
BRH:0
end_of_record
TN:
SF:src/consensus/ConsensusRegistry.sol
DA:51,0
FN:51,ConsensusRegistry.concludeEpoch
FNDA:0,ConsensusRegistry.concludeEpoch
DA:53,0
DA:56,0
BRDA:56,0,0,-
DA:57,0
DA:61,0
DA:62,0
DA:63,0
DA:66,0
DA:67,0
DA:69,0
DA:73,0
FN:73,ConsensusRegistry.applyIncentives
FNDA:0,ConsensusRegistry.applyIncentives
DA:75,0
DA:76,0
DA:77,0
DA:78,0
DA:79,0
BRDA:79,1,0,-
DA:83,0
BRDA:83,2,0,-
DA:85,0
DA:87,0
DA:88,0
DA:90,0
DA:91,0
DA:94,0
BRDA:94,3,0,-
DA:97,0
DA:98,0
DA:101,0
DA:102,0
DA:104,0
DA:106,0
BRDA:106,4,0,-
DA:107,0
DA:108,0
DA:113,0
DA:117,0
FN:117,ConsensusRegistry.applySlashes
FNDA:0,ConsensusRegistry.applySlashes
DA:118,0
DA:119,0
DA:122,0
BRDA:122,5,0,-
DA:124,0
BRDA:124,6,0,-
BRDA:124,6,1,-
DA:125,0
DA:128,0
DA:131,0
DA:136,0
FN:136,ConsensusRegistry.setNextCommitteeSize
FNDA:0,ConsensusRegistry.setNextCommitteeSize
DA:137,0
BRDA:137,7,0,-
DA:138,0
DA:142,0
DA:143,0
BRDA:143,8,0,-
DA:144,0
DA:147,0
DA:148,0
DA:150,0
DA:154,0
FN:154,ConsensusRegistry.getNextCommitteeSize
FNDA:0,ConsensusRegistry.getNextCommitteeSize
DA:155,0
DA:159,0
FN:159,ConsensusRegistry.getCurrentStakeVersion
FNDA:0,ConsensusRegistry.getCurrentStakeVersion
DA:160,0
DA:164,0
FN:164,ConsensusRegistry.getCurrentEpoch
FNDA:0,ConsensusRegistry.getCurrentEpoch
DA:165,0
DA:169,0
FN:169,ConsensusRegistry.getCurrentEpochInfo
FNDA:0,ConsensusRegistry.getCurrentEpochInfo
DA:170,0
DA:174,0
FN:174,ConsensusRegistry.getEpochInfo
FNDA:0,ConsensusRegistry.getEpochInfo
DA:175,0
DA:176,0
BRDA:176,9,0,-
DA:177,0
DA:180,0
DA:181,0
BRDA:181,10,0,-
BRDA:181,10,1,-
DA:182,0
DA:184,0
DA:189,0
FN:189,ConsensusRegistry.getValidators
FNDA:0,ConsensusRegistry.getValidators
DA:190,0
BRDA:190,11,0,-
DA:192,0
DA:196,0
FN:196,ConsensusRegistry.getCommitteeValidators
FNDA:0,ConsensusRegistry.getCommitteeValidators
DA:197,0
DA:198,0
DA:199,0
DA:200,0
DA:203,0
DA:207,0
FN:207,ConsensusRegistry.getValidator
FNDA:0,ConsensusRegistry.getValidator
DA:208,0
DA:210,0
BRDA:210,12,0,-
DA:212,0
DA:215,0
DA:219,0
FN:219,ConsensusRegistry.isValidator
FNDA:0,ConsensusRegistry.isValidator
DA:221,0
BRDA:221,13,0,-
DA:224,0
DA:225,0
DA:228,0
BRDA:228,14,0,-
DA:232,0
BRDA:232,15,0,-
DA:234,0
DA:238,0
FN:238,ConsensusRegistry.isRetired
FNDA:0,ConsensusRegistry.isRetired
DA:239,0
BRDA:239,16,0,-
BRDA:239,16,1,-
DA:241,0
DA:242,0
BRDA:242,17,0,-
DA:244,0
DA:247,0
DA:251,0
FN:251,ConsensusRegistry.getRewards
FNDA:0,ConsensusRegistry.getRewards
DA:252,0
DA:253,0
DA:255,0
DA:259,0
FN:259,ConsensusRegistry.getBalanceBreakdown
FNDA:0,ConsensusRegistry.getBalanceBreakdown
DA:260,0
DA:261,0
DA:262,0
DA:263,0
DA:265,0
DA:269,0
FN:269,ConsensusRegistry.delegationDigest
FNDA:0,ConsensusRegistry.delegationDigest
DA:279,0
DA:280,0
DA:281,0
DA:282,0
DA:283,0
DA:284,0
DA:286,0
DA:290,0
FN:290,ConsensusRegistry.proofOfPossessionMessage
FNDA:0,ConsensusRegistry.proofOfPossessionMessage
DA:298,0
DA:299,0
BRDA:299,18,0,-
DA:301,0
DA:311,0
FN:311,ConsensusRegistry.stake
FNDA:0,ConsensusRegistry.stake
DA:321,0
DA:324,0
DA:325,0
DA:326,0
DA:328,0
DA:331,0
DA:335,0
FN:335,ConsensusRegistry.delegateStake
FNDA:0,ConsensusRegistry.delegateStake
DA:347,0
DA:350,0
DA:351,0
DA:352,0
DA:355,0
DA:356,0
DA:359,0
BRDA:359,19,0,-
DA:360,0
DA:363,0
DA:364,0
BRDA:364,20,0,-
DA:365,0
DA:369,0
DA:371,0
DA:375,0
FN:375,ConsensusRegistry.activate
FNDA:0,ConsensusRegistry.activate
DA:377,0
DA:380,0
DA:382,0
DA:384,0
DA:388,0
FN:388,ConsensusRegistry.claimStakeRewards
FNDA:0,ConsensusRegistry.claimStakeRewards
DA:390,0
DA:391,0
DA:394,0
DA:395,0
BRDA:395,21,0,-
DA:396,0
DA:398,0
DA:402,0
FN:402,ConsensusRegistry.upgradeValidatorStakeVersion
FNDA:0,ConsensusRegistry.upgradeValidatorStakeVersion
DA:413,0
DA:414,0
DA:416,0
BRDA:416,22,0,-
DA:419,0
DA:420,0
DA:422,0
DA:423,0
DA:424,0
BRDA:424,23,0,-
DA:425,0
DA:429,0
DA:430,0
BRDA:430,24,0,-
DA:431,0
DA:435,0
DA:436,0
DA:439,0
BRDA:439,25,0,-
BRDA:439,25,1,-
DA:441,0
DA:442,0
BRDA:442,26,0,-
DA:443,0
DA:444,0
BRDA:444,27,0,-
BRDA:444,27,1,-
DA:446,0
BRDA:446,28,0,-
DA:447,0
DA:448,0
DA:449,0
DA:450,0
BRDA:450,29,0,-
BRDA:450,29,1,-
DA:452,0
DA:453,0
BRDA:453,30,0,-
DA:455,0
DA:459,0
BRDA:459,31,0,-
DA:460,0
DA:462,0
DA:466,0
DA:467,0
BRDA:467,32,0,-
DA:468,0
DA:470,0
BRDA:470,33,0,-
DA:474,0
BRDA:474,34,0,-
DA:478,0
DA:479,0
BRDA:479,35,0,-
DA:480,0
DA:483,0
DA:487,0
FN:487,ConsensusRegistry.beginExit
FNDA:0,ConsensusRegistry.beginExit
DA:489,0
DA:492,0
DA:493,0
DA:494,0
DA:497,0
DA:498,0
DA:499,0
DA:500,0
BRDA:500,36,0,-
DA:501,0
DA:505,0
DA:509,0
FN:509,ConsensusRegistry.unstake
FNDA:0,ConsensusRegistry.unstake
DA:511,0
DA:514,0
DA:515,0
BRDA:515,37,0,-
DA:517,0
DA:519,0
BRDA:519,38,0,-
DA:522,0
DA:525,0
DA:527,0
DA:537,0
FN:537,ConsensusRegistry.mint
FNDA:0,ConsensusRegistry.mint
DA:539,0
BRDA:539,39,0,-
DA:540,0
DA:544,0
DA:548,0
FN:548,ConsensusRegistry.burn
FNDA:0,ConsensusRegistry.burn
DA:549,0
BRDA:549,40,0,-
DA:551,0
DA:553,0
BRDA:553,41,0,-
BRDA:553,41,1,-
DA:555,0
DA:556,0
DA:559,0
DA:564,0
FN:564,ConsensusRegistry.allocateIssuance
FNDA:0,ConsensusRegistry.allocateIssuance
DA:565,0
DA:567,0
BRDA:567,42,0,-
DA:580,0
FN:580,ConsensusRegistry._verifyProofOfPossession
FNDA:0,ConsensusRegistry._verifyProofOfPossession
DA:588,0
BRDA:588,43,0,-
DA:590,0
DA:591,0
DA:592,0
DA:593,0
BRDA:593,44,0,-
DA:594,0
DA:598,0
DA:602,0
FN:602,ConsensusRegistry._spendBLSPubkey
FNDA:0,ConsensusRegistry._spendBLSPubkey
DA:603,0
DA:604,0
BRDA:604,45,0,-
DA:605,0
DA:607,0
DA:612,0
FN:612,ConsensusRegistry._recordStaked
FNDA:0,ConsensusRegistry._recordStaked
DA:621,0
DA:631,0
DA:632,0
DA:634,0
DA:638,0
FN:638,ConsensusRegistry._beginActivation
FNDA:0,ConsensusRegistry._beginActivation
DA:639,0
DA:640,0
DA:642,0
DA:647,0
FN:647,ConsensusRegistry._activate
FNDA:0,ConsensusRegistry._activate
DA:648,0
DA:650,0
DA:655,0
FN:655,ConsensusRegistry._beginExit
FNDA:0,ConsensusRegistry._beginExit
DA:656,0
DA:657,0
DA:659,0
DA:665,0
FN:665,ConsensusRegistry._exit
FNDA:0,ConsensusRegistry._exit
DA:666,0
DA:667,0
DA:669,0
DA:675,0
FN:675,ConsensusRegistry._retire
FNDA:0,ConsensusRegistry._retire
DA:676,0
DA:677,0
DA:679,0
DA:687,0
FN:687,ConsensusRegistry._updateValidatorQueue
FNDA:0,ConsensusRegistry._updateValidatorQueue
DA:688,0
DA:689,0
DA:690,0
DA:692,0
DA:695,0
DA:696,0
DA:697,0
DA:698,0
DA:699,0
DA:700,0
DA:702,0
DA:704,0
DA:705,0
DA:706,0
DA:707,0
BRDA:707,46,0,-
DA:709,0
DA:710,0
DA:716,0
FN:716,ConsensusRegistry._ejectFromCommittees
FNDA:0,ConsensusRegistry._ejectFromCommittees
DA:717,0
DA:718,0
DA:719,0
DA:720,0
DA:721,0
DA:722,0
DA:724,0
DA:725,0
DA:726,0
DA:727,0
DA:728,0
DA:730,0
DA:731,0
DA:733,0
DA:734,0
DA:735,0
DA:738,0
BRDA:738,47,0,-
DA:739,0
DA:740,0
DA:741,0
DA:745,0
FN:745,ConsensusRegistry._eject
FNDA:0,ConsensusRegistry._eject
DA:746,0
DA:747,0
DA:748,0
BRDA:748,48,0,-
DA:749,0
DA:750,0
DA:752,0
DA:755,0
DA:761,0
FN:761,ConsensusRegistry._consensusBurn
FNDA:0,ConsensusRegistry._consensusBurn
DA:762,0
DA:763,0
DA:765,0
DA:767,0
BRDA:767,49,0,-
DA:768,0
DA:770,0
DA:773,0
DA:776,0
DA:778,0
DA:779,0
DA:781,0
BRDA:781,50,0,-
DA:784,0
DA:785,0
DA:786,0
DA:787,0
DA:791,0
FN:791,ConsensusRegistry._updateEpochInfo
FNDA:0,ConsensusRegistry._updateEpochInfo
DA:796,0
DA:797,0
DA:800,0
DA:801,0
DA:802,0
DA:803,0
DA:804,0
DA:814,0
DA:815,0
DA:816,0
DA:818,0
DA:823,0
FN:823,ConsensusRegistry._getFutureEpochInfo
FNDA:0,ConsensusRegistry._getFutureEpochInfo
DA:832,0
DA:833,0
DA:834,0
BRDA:834,51,0,-
DA:836,0
DA:840,0
FN:840,ConsensusRegistry._getRecentEpochInfo
FNDA:0,ConsensusRegistry._getRecentEpochInfo
DA:850,0
DA:852,0
DA:854,0
DA:855,0
BRDA:855,52,0,-
DA:857,0
DA:860,0
FN:860,ConsensusRegistry._enforceSorting
FNDA:0,ConsensusRegistry._enforceSorting
DA:861,0
DA:862,0
BRDA:862,53,0,-
DA:868,0
FN:868,ConsensusRegistry._checkCommitteeSize
FNDA:0,ConsensusRegistry._checkCommitteeSize
DA:869,0
BRDA:869,54,0,-
DA:870,0
DA:875,0
FN:875,ConsensusRegistry._checkValidatorStatus
FNDA:0,ConsensusRegistry._checkValidatorStatus
DA:876,0
DA:877,0
BRDA:877,55,0,-
DA:881,0
FN:881,ConsensusRegistry._isCommitteeMember
FNDA:0,ConsensusRegistry._isCommitteeMember
DA:883,0
DA:884,0
DA:886,0
BRDA:886,56,0,-
DA:889,0
DA:893,0
FN:893,ConsensusRegistry._eligibleForCommitteeNextEpoch
FNDA:0,ConsensusRegistry._eligibleForCommitteeNextEpoch
DA:894,0
DA:899,0
FN:899,ConsensusRegistry._eligibleForUnstake
FNDA:0,ConsensusRegistry._eligibleForUnstake
DA:900,0
DA:901,0
BRDA:901,57,0,-
DA:903,0
DA:904,0
BRDA:904,58,0,-
DA:905,0
DA:908,0
DA:915,0
FN:915,ConsensusRegistry._getValidators
FNDA:0,ConsensusRegistry._getValidators
DA:916,0
DA:917,0
DA:919,0
DA:920,0
DA:921,0
DA:922,0
BRDA:922,59,0,-
DA:925,0
DA:926,0
BRDA:926,60,0,-
DA:928,0
DA:931,0
BRDA:931,61,0,-
BRDA:931,61,1,-
DA:932,0
DA:935,0
DA:939,0
BRDA:939,62,0,-
DA:940,0
DA:946,0
DA:949,0
DA:960,0
FN:960,ConsensusRegistry.pause
FNDA:0,ConsensusRegistry.pause
DA:961,0
DA:966,0
FN:966,ConsensusRegistry.unpause
FNDA:0,ConsensusRegistry.unpause
DA:967,0
DA:981,0
FN:981,ConsensusRegistry.constructor
FNDA:0,ConsensusRegistry.constructor
DA:990,0
BRDA:990,63,0,-
DA:991,0
DA:995,0
DA:999,0
DA:1002,0
DA:1003,0
DA:1004,0
DA:1005,0
DA:1006,0
DA:1008,0
DA:1009,0
DA:1010,0
DA:1011,0
DA:1015,0
DA:1016,0
DA:1017,0
DA:1022,0
BRDA:1022,64,0,-
DA:1023,0
DA:1025,0
BRDA:1025,65,0,-
DA:1026,0
DA:1028,0
BRDA:1028,66,0,-
DA:1029,0
DA:1031,0
BRDA:1031,67,0,-
DA:1032,0
DA:1034,0
BRDA:1034,68,0,-
DA:1035,0
DA:1037,0
BRDA:1037,69,0,-
DA:1039,0
DA:1042,0
BRDA:1042,70,0,-
DA:1043,0
DA:1047,0
DA:1048,0
DA:1049,0
DA:1052,0
DA:1053,0
DA:1054,0
DA:1055,0
DA:1057,0
DA:1062,0
FN:1062,ConsensusRegistry.upgradeStakeVersion
FNDA:0,ConsensusRegistry.upgradeStakeVersion
DA:1069,0
BRDA:1069,71,0,-
DA:1071,0
DA:1072,0
DA:1074,0
FNF:54
FNH:0
LF:432
LH:0
BRF:80
BRH:0
end_of_record
TN:
SF:src/consensus/Issuance.sol
DA:20,0
FN:20,Issuance.onlyStakeManager
FNDA:0,Issuance.onlyStakeManager
DA:21,0
BRDA:21,0,0,-
DA:27,0
FN:27,Issuance.distributeStakeReward
FNDA:0,Issuance.distributeStakeReward
DA:28,0
DA:29,0
DA:30,0
BRDA:30,1,0,-
DA:31,0
DA:34,0
DA:35,0
BRDA:35,2,0,-
FNF:2
FNH:0
LF:9
LH:0
BRF:3
BRH:0
end_of_record
TN:
SF:src/consensus/StakeManager.sol
DA:75,0
FN:75,StakeManager.stakeConfig
FNDA:0,StakeManager.stakeConfig
DA:76,0
DA:80,0
FN:80,StakeManager.getCurrentStakeConfig
FNDA:0,StakeManager.getCurrentStakeConfig
DA:81,0
DA:113,0
FN:113,StakeManager.transferFrom
FNDA:0,StakeManager.transferFrom
DA:124,0
DA:128,0
FN:128,StakeManager.approve
FNDA:0,StakeManager.approve
DA:137,0
DA:141,0
FN:141,StakeManager.setApprovalForAll
FNDA:0,StakeManager.setApprovalForAll
DA:150,0
DA:154,0
FN:154,StakeManager.tokenURI
FNDA:0,StakeManager.tokenURI
DA:155,0
DA:157,0
DA:169,0
DA:172,0
FN:172,StakeManager._baseURI
FNDA:0,StakeManager._baseURI
DA:173,0
DA:181,0
FN:181,StakeManager._claimStakeRewards
FNDA:0,StakeManager._claimStakeRewards
DA:191,0
DA:192,0
DA:193,0
DA:195,0
DA:198,0
FN:198,StakeManager._unstake
FNDA:0,StakeManager._unstake
DA:199,0
DA:200,0
BRDA:200,0,0,-
DA:202,0
DA:204,0
BRDA:204,1,0,-
DA:207,0
DA:208,0
DA:209,0
BRDA:209,2,0,-
BRDA:209,2,1,-
DA:211,0
DA:214,0
DA:216,0
DA:218,0
BRDA:218,3,0,-
DA:222,0
DA:224,0
DA:227,0
FN:227,StakeManager._checkRewards
FNDA:0,StakeManager._checkRewards
DA:228,0
DA:229,0
DA:231,0
BRDA:231,4,0,-
DA:232,0
DA:235,0
DA:238,0
FN:238,StakeManager._checkStakeValue
FNDA:0,StakeManager._checkStakeValue
DA:239,0
BRDA:239,5,0,-
DA:241,0
DA:244,0
FN:244,StakeManager._getRewards
FNDA:0,StakeManager._getRewards
DA:245,0
DA:246,0
DA:248,0
DA:253,0
FN:253,StakeManager._getRecipient
FNDA:0,StakeManager._getRecipient
DA:254,0
DA:255,0
DA:256,0
BRDA:256,6,0,-
DA:258,0
DA:262,0
FN:262,StakeManager._checkConsensusNFTOwner
FNDA:0,StakeManager._checkConsensusNFTOwner
DA:263,0
DA:264,0
BRDA:264,7,0,-
DA:265,0
BRDA:265,8,0,-
DA:267,0
DA:270,0
FN:270,StakeManager._getTokenId
FNDA:0,StakeManager._getTokenId
DA:271,0
DA:274,0
FN:274,StakeManager._getAddress
FNDA:0,StakeManager._getAddress
DA:275,0
DA:278,0
FN:278,StakeManager._exists
FNDA:0,StakeManager._exists
DA:279,0
BRDA:279,9,0,-
DA:280,0
DA:283,0
FN:283,StakeManager._domainNameAndVersion
FNDA:0,StakeManager._domainNameAndVersion
DA:284,0
FNF:18
FNH:0
LF:67
LH:0
BRF:11
BRH:0
end_of_record
TN:
SF:src/consensus/SystemCallable.sol
DA:17,0
FN:17,SystemCallable.onlySystemCall
FNDA:0,SystemCallable.onlySystemCall
DA:18,0
BRDA:18,0,0,-
FNF:1
FNH:0
LF:2
LH:0
BRF:1
BRH:0
end_of_record
TN:
SF:src/consensus/WorkerConfigs.sol
DA:43,0
FN:43,WorkerConfigs.constructor
FNDA:0,WorkerConfigs.constructor
DA:44,0
DA:45,0
BRDA:45,0,0,-
DA:46,0
BRDA:46,1,0,-
DA:47,0
DA:49,0
DA:50,0
BRDA:50,2,0,-
DA:51,0
DA:53,0
DA:58,0
FN:58,WorkerConfigs.setNumWorkers
FNDA:0,WorkerConfigs.setNumWorkers
DA:59,0
BRDA:59,3,0,-
DA:60,0
BRDA:60,4,0,-
DA:63,0
DA:64,0
BRDA:64,5,0,-
DA:67,0
DA:68,0
DA:69,0
DA:73,0
FN:73,WorkerConfigs.setWorkerConfig
FNDA:0,WorkerConfigs.setWorkerConfig
DA:74,0
BRDA:74,6,0,-
DA:75,0
DA:76,0
DA:80,0
FN:80,WorkerConfigs.setWorkerConfigsBatch
FNDA:0,WorkerConfigs.setWorkerConfigsBatch
DA:88,0
BRDA:88,7,0,-
DA:89,0
DA:90,0
BRDA:90,8,0,-
DA:91,0
DA:92,0
DA:97,0
FN:97,WorkerConfigs.getWorkerConfig
FNDA:0,WorkerConfigs.getWorkerConfig
DA:98,0
DA:99,0
FNF:5
FNH:0
LF:30
LH:0
BRF:9
BRH:0
end_of_record
TN:
SF:src/testnet/Blacklist.sol
DA:22,2022
FN:22,Blacklist._getBlacklistStorage
FNDA:2022,Blacklist._getBlacklistStorage
DA:28,2022
DA:67,0
FN:67,Blacklist.blacklisted
FNDA:0,Blacklist.blacklisted
DA:68,2022
DA:69,2022
DA:77,0
FN:77,Blacklist.addBlackList
FNDA:0,Blacklist.addBlackList
DA:80,0
BRDA:80,0,0,-
DA:81,0
DA:83,0
DA:84,0
DA:92,0
FN:92,Blacklist.removeBlackList
FNDA:0,Blacklist.removeBlackList
DA:95,0
BRDA:95,1,0,-
DA:96,0
DA:97,0
DA:101,0
FN:101,Blacklist._setBlacklist
FNDA:0,Blacklist._setBlacklist
DA:102,0
DA:103,0
DA:107,0
FN:107,Blacklist._onceBlacklisted
FNDA:0,Blacklist._onceBlacklisted
FNF:6
FNH:1
LF:18
LH:4
BRF:2
BRH:0
end_of_record
TN:
SF:src/testnet/Stablecoin.sol
DA:47,765
FN:47,Stablecoin.initialize
FNDA:765,Stablecoin.initialize
DA:52,765
DA:53,765
DA:54,765
DA:55,765
DA:61,2
FN:61,Stablecoin.decimals
FNDA:2,Stablecoin.decimals
DA:62,2
DA:74,0
FN:74,Stablecoin.mint
FNDA:0,Stablecoin.mint
DA:75,0
DA:84,761
FN:84,Stablecoin.mintTo
FNDA:761,Stablecoin.mintTo
DA:88,761
DA:96,0
FN:96,Stablecoin.burn
FNDA:0,Stablecoin.burn
DA:97,0
DA:106,0
FN:106,Stablecoin.burnFrom
FNDA:0,Stablecoin.burnFrom
DA:110,0
DA:111,0
DA:123,0
FN:123,Stablecoin._onceBlacklisted
FNDA:0,Stablecoin._onceBlacklisted
DA:124,0
DA:127,1011
FN:127,Stablecoin._update
FNDA:1011,Stablecoin._update
DA:132,1011
BRDA:132,0,0,0
DA:133,1011
BRDA:133,1,0,0
DA:135,1011
DA:149,0
FN:149,Stablecoin.erc20Rescue
FNDA:0,Stablecoin.erc20Rescue
DA:154,0
FNF:9
FNH:4
LF:24
LH:13
BRF:2
BRH:0
end_of_record
TN:
SF:src/testnet/StablecoinHandler.sol
DA:60,31301
FN:60,StablecoinHandler._getStablecoinHandlerStorage
FNDA:31301,StablecoinHandler._getStablecoinHandlerStorage
DA:66,31301
DA:87,0
FN:87,StablecoinHandler.__StablecoinHandler_init
FNDA:0,StablecoinHandler.__StablecoinHandler_init
DA:88,45
DA:91,0
FN:91,StablecoinHandler.__StablecoinHandler_init_unchained
FNDA:0,StablecoinHandler.__StablecoinHandler_init_unchained
DA:92,45
DA:103,0
FN:103,StablecoinHandler.nonZero
FNDA:0,StablecoinHandler.nonZero
DA:104,0
BRDA:104,0,0,-
DA:105,0
BRDA:105,1,0,-
DA:106,0
BRDA:106,2,0,-
DA:107,0
BRDA:107,3,0,-
DA:108,0
BRDA:108,4,0,-
DA:123,0
FN:123,StablecoinHandler.stablecoinSwap
FNDA:0,StablecoinHandler.stablecoinSwap
DA:128,0
DA:130,0
DA:144,0
FN:144,StablecoinHandler._stablecoinSwap
FNDA:0,StablecoinHandler._stablecoinSwap
DA:149,0
DA:150,0
DA:152,0
BRDA:152,5,0,-
DA:160,0
BRDA:160,6,0,-
BRDA:160,6,1,-
DA:161,0
DA:163,0
DA:172,0
BRDA:172,7,0,-
BRDA:172,7,1,-
DA:173,0
DA:175,0
DA:194,0
FN:194,StablecoinHandler._verifyStablecoinSwap
FNDA:0,StablecoinHandler._verifyStablecoinSwap
DA:199,0
BRDA:199,8,0,-
DA:202,0
BRDA:202,9,0,-
BRDA:202,9,1,-
DA:205,0
DA:206,0
DA:207,0
BRDA:207,10,0,-
DA:208,0
BRDA:208,11,0,-
DA:210,0
DA:214,0
BRDA:214,12,0,-
BRDA:214,12,1,-
DA:217,0
DA:218,0
DA:219,0
BRDA:219,13,0,-
DA:220,0
BRDA:220,14,0,-
DA:222,0
DA:232,2
FN:232,StablecoinHandler.isXYZ
FNDA:2,StablecoinHandler.isXYZ
DA:233,2
DA:234,2
DA:246,3
FN:246,StablecoinHandler.getMaxLimit
FNDA:3,StablecoinHandler.getMaxLimit
DA:247,3
DA:248,3
DA:260,3
FN:260,StablecoinHandler.getMinLimit
FNDA:3,StablecoinHandler.getMinLimit
DA:261,3
DA:262,3
DA:281,31293
FN:281,StablecoinHandler.UpdateXYZ
FNDA:31293,StablecoinHandler.UpdateXYZ
DA:287,31293
BRDA:287,15,0,0
BRDA:287,15,1,31293
DA:292,31293
DA:293,31293
DA:294,31293
DA:295,31293
DA:296,31293
DA:303,0
FN:303,StablecoinHandler.pause
FNDA:0,StablecoinHandler.pause
DA:304,0
DA:311,0
FN:311,StablecoinHandler.unpause
FNDA:0,StablecoinHandler.unpause
DA:312,0
FNF:13
FNH:5
LF:59
LH:20
BRF:21
BRH:1
end_of_record
TN:
SF:src/testnet/StablecoinManager.sol
DA:72,45
FN:72,StablecoinManager.initialize
FNDA:45,StablecoinManager.initialize
DA:73,45
DA:74,45
DA:77,45
DA:78,45
DA:79,2
DA:80,2
DA:83,45
DA:84,45
DA:87,31248
FN:87,StablecoinManager.UpdateXYZ
FNDA:31248,StablecoinManager.UpdateXYZ
DA:99,31295
BRDA:99,0,0,1
DA:101,31294
DA:102,31293
DA:107,255
FN:107,StablecoinManager.getEnabledXYZs
FNDA:255,StablecoinManager.getEnabledXYZs
DA:108,256
DA:109,256
DA:111,256
BRDA:111,1,0,1
DA:114,255
DA:115,255
DA:116,255
DA:117,16566
BRDA:117,2,0,16566
DA:118,16311
DA:119,16311
DA:125,1
FN:125,StablecoinManager.getEnabledXYZsWithMetadata
FNDA:1,StablecoinManager.getEnabledXYZsWithMetadata
DA:127,1
DA:129,1
DA:130,1
DA:131,2
DA:132,2
DA:133,2
DA:135,2
DA:142,1
FN:142,StablecoinManager.getDrippableTokensWithDripAmount
FNDA:1,StablecoinManager.getDrippableTokensWithDripAmount
DA:143,1
DA:144,1
DA:146,1
DA:147,1
DA:148,3
DA:153,30730
FN:153,StablecoinManager.isEnabledXYZ
FNDA:30730,StablecoinManager.isEnabledXYZ
DA:154,55329
DA:155,55329
DA:166,513
FN:166,StablecoinManager._drip
FNDA:513,StablecoinManager._drip
DA:167,513
BRDA:167,3,0,2
BRDA:167,3,1,511
DA:168,2
DA:170,511
DA:175,517
FN:175,StablecoinManager._checkDrip
FNDA:517,StablecoinManager._checkDrip
DA:176,517
BRDA:176,4,0,1
DA:179,516
DA:180,516
BRDA:180,5,0,2
DA:183,514
DA:184,514
BRDA:184,6,0,1
DA:188,1013
FN:188,StablecoinManager.setMaxDripAmount
FNDA:1013,StablecoinManager.setMaxDripAmount
DA:189,1012
DA:193,3
FN:193,StablecoinManager.setBaselineDripCooldown
FNDA:3,StablecoinManager.setBaselineDripCooldown
DA:194,2
DA:198,5
FN:198,StablecoinManager.setMaxDripAmountOverride
FNDA:5,StablecoinManager.setMaxDripAmountOverride
DA:207,4
DA:211,6
FN:211,StablecoinManager.setDripCooldownOverride
FNDA:6,StablecoinManager.setDripCooldownOverride
DA:219,5
DA:223,45
FN:223,StablecoinManager.__Faucet_init
FNDA:45,StablecoinManager.__Faucet_init
DA:232,45
DA:233,45
DA:246,252
FN:246,StablecoinManager.rescueCrypto
FNDA:252,StablecoinManager.rescueCrypto
DA:247,252
BRDA:247,7,0,2
BRDA:247,7,1,1
DA:249,2
DA:250,2
BRDA:250,8,0,1
DA:253,250
DA:260,31294
FN:260,StablecoinManager._recordXYZ
FNDA:31294,StablecoinManager._recordXYZ
DA:261,31294
BRDA:261,9,0,24081
BRDA:261,9,1,7213
DA:262,24081
DA:264,7213
DA:268,24081
FN:268,StablecoinManager._addEnabledXYZ
FNDA:24081,StablecoinManager._addEnabledXYZ
DA:269,24081
DA:270,24081
DA:272,24081
DA:275,7213
FN:275,StablecoinManager._removeEnabledXYZ
FNDA:7213,StablecoinManager._removeEnabledXYZ
DA:276,7213
DA:277,7213
BRDA:277,10,0,1
DA:279,7212
DA:282,86880
FN:282,StablecoinManager._stablecoinManagerStorage
FNDA:86880,StablecoinManager._stablecoinManagerStorage
DA:284,86880
DA:290,63870
FN:290,StablecoinManager._checkRole
FNDA:63870,StablecoinManager._checkRole
DA:291,63870
DA:292,63870
DA:293,63870
BRDA:293,11,0,5
DA:294,5
DA:299,2
FN:299,StablecoinManager._authorizeUpgrade
FNDA:2,StablecoinManager._authorizeUpgrade
FNF:20
FNH:20
LF:86
LH:86
BRF:15
BRH:15
end_of_record
TN:
SF:src/testnet/TNFaucet.sol
DA:107,255
FN:107,TNFaucet.dripTo
FNDA:255,TNFaucet.dripTo
DA:108,517
DA:109,513
DA:110,513
DA:112,513
DA:118,262
FN:118,TNFaucet.drip
FNDA:262,TNFaucet.drip
DA:119,262
DA:158,1
FN:158,TNFaucet.getMaxDripAmount
FNDA:1,TNFaucet.getMaxDripAmount
DA:159,515
DA:160,515
DA:161,515
DA:167,504
FN:167,TNFaucet.getBaselineMaxDripAmount
FNDA:504,TNFaucet.getBaselineMaxDripAmount
DA:168,507
DA:169,507
DA:176,1
FN:176,TNFaucet.getDripCooldown
FNDA:1,TNFaucet.getDripCooldown
DA:177,520
DA:178,520
DA:179,520
DA:184,2
FN:184,TNFaucet.getBaselineDripCooldown
FNDA:2,TNFaucet.getBaselineDripCooldown
DA:185,2
DA:186,2
DA:194,752
FN:194,TNFaucet.getLastFulfilledDripTimestamp
FNDA:752,TNFaucet.getLastFulfilledDripTimestamp
DA:195,1271
DA:196,1271
DA:207,3
FN:207,TNFaucet.getNextEligibleDripTimestamp
FNDA:3,TNFaucet.getNextEligibleDripTimestamp
DA:215,519
DA:241,47
FN:241,TNFaucet._setBaselineDripCooldown
FNDA:47,TNFaucet._setBaselineDripCooldown
DA:242,47
DA:243,47
BRDA:243,0,0,1
DA:245,46
DA:246,46
DA:252,1059
FN:252,TNFaucet._setMaxDripAmount
FNDA:1059,TNFaucet._setMaxDripAmount
DA:253,1059
BRDA:253,1,0,1
DA:254,1058
DA:255,1058
DA:257,1058
DA:264,4
FN:264,TNFaucet._setMaxDripAmountOverride
FNDA:4,TNFaucet._setMaxDripAmountOverride
DA:265,4
DA:266,4
BRDA:266,2,0,1
DA:268,3
DA:269,3
DA:275,5
FN:275,TNFaucet._setDripCooldownOverride
FNDA:5,TNFaucet._setDripCooldownOverride
DA:276,5
DA:277,5
BRDA:277,3,0,1
DA:279,4
DA:280,4
DA:287,513
FN:287,TNFaucet._setLastFulfilledDripTimestamp
FNDA:513,TNFaucet._setLastFulfilledDripTimestamp
DA:288,513
DA:289,513
DA:293,4442
FN:293,TNFaucet._faucetStorage
FNDA:4442,TNFaucet._faucetStorage
DA:295,4442
FNF:14
FNH:14
LF:51
LH:51
BRF:4
BRH:4
end_of_record
